<?xml version="1.0" encoding="UTF-8"?>
<!-- Generated by org.testng.reporters.JUnitReportReporter -->
<testsuite hostname="LAPTOP-SPPJ5AEL" failures="0" tests="1" name="com.crm.vtiger.createPurchaseOrder.CreatePurchaseOrderAndSelectStatusAsReceivedShipmentTest" time="81.965" errors="0" timestamp="2022-06-14T18:00:49 IST" skipped="0">
  <testcase classname="com.crm.vtiger.createPurchaseOrder.CreatePurchaseOrderAndSelectStatusAsReceivedShipmentTest" name="createPurchaseOrderAndSelectStatusAsReceivedShipmentTest" time="81.965"/>
  <system-out/>
</testsuite> <!-- com.crm.vtiger.createPurchaseOrder.CreatePurchaseOrderAndSelectStatusAsReceivedShipmentTest -->
