<?xml version="1.0" encoding="UTF-8"?>
<!-- Generated by org.testng.reporters.JUnitReportReporter -->
<testsuite hostname="LAPTOP-SPPJ5AEL" failures="0" tests="3" name="com.crm.TestNg.DataProviderTrileTest" time="0.032" errors="0" timestamp="2022-06-14T13:01:46 IST" skipped="0">
  <testcase classname="com.crm.TestNg.DataProviderTrileTest" name="bookTicketTest" time="0.016"/>
  <system-out>
    <![CDATA[from Banglore to Goa]]>
  </system-out>
  <testcase classname="com.crm.TestNg.DataProviderTrileTest" name="bookTicketTest" time="0.011"/>
  <system-out>
    <![CDATA[from Banglore to Mumbai]]>
  </system-out>
  <testcase classname="com.crm.TestNg.DataProviderTrileTest" name="bookTicketTest" time="0.005"/>
  <system-out>
    <![CDATA[from Banglore to Maysore]]>
  </system-out>
</testsuite> <!-- com.crm.TestNg.DataProviderTrileTest -->
