<?xml version="1.0" encoding="UTF-8"?>
<!-- Generated by org.testng.reporters.JUnitReportReporter -->
<testsuite hostname="LAPTOP-SPPJ5AEL" failures="0" tests="1" name="com.crm.vtiger.createOrganisation.CreateOrganisationAndVerifyTest" time="70.576" errors="0" timestamp="2022-06-21T12:27:25 IST" skipped="0">
  <testcase classname="com.crm.vtiger.createOrganisation.CreateOrganisationAndVerifyTest" name="createOrganisationAndVerifyTest" time="70.576"/>
  <system-out/>
</testsuite> <!-- com.crm.vtiger.createOrganisation.CreateOrganisationAndVerifyTest -->
