<?xml version="1.0" encoding="UTF-8"?>
<!-- Generated by org.testng.reporters.JUnitReportReporter -->
<testsuite hostname="LAPTOP-SPPJ5AEL" failures="0" tests="1" name="com.crm.vtiger.createOrganisation.CreateOrganisationByUsingMemberOfAndVerifyTest" time="85.241" errors="0" timestamp="2022-06-21T12:27:25 IST" skipped="0">
  <testcase classname="com.crm.vtiger.createOrganisation.CreateOrganisationByUsingMemberOfAndVerifyTest" name="createOrganisationByUsingMemberOfAndVerifyTest" time="85.241"/>
  <system-out/>
</testsuite> <!-- com.crm.vtiger.createOrganisation.CreateOrganisationByUsingMemberOfAndVerifyTest -->
