<?xml version="1.0" encoding="UTF-8"?>
<!-- Generated by org.testng.reporters.JUnitReportReporter -->
<testsuite hostname="LAPTOP-SPPJ5AEL" failures="0" tests="1" name="com.crm.vtiger.createPurchaseOrder.CreatePurchaseOrderAndSelectStatusAsCancelledTest" time="253.717" errors="0" timestamp="2022-06-15T16:42:33 IST" skipped="0">
  <testcase classname="com.crm.vtiger.createPurchaseOrder.CreatePurchaseOrderAndSelectStatusAsCancelledTest" name="createPurchaseOrderAndSelectStatusAsCancelledTest" time="253.717"/>
  <system-out/>
</testsuite> <!-- com.crm.vtiger.createPurchaseOrder.CreatePurchaseOrderAndSelectStatusAsCancelledTest -->
