<?xml version="1.0" encoding="UTF-8"?>
<!-- Generated by org.testng.reporters.JUnitReportReporter -->
<testsuite hostname="LAPTOP-SPPJ5AEL" failures="0" tests="1" name="com.crm.seleniumGrid.SeleniumGridPraticeThroughLocalHostTest" time="13.557" errors="0" timestamp="07 Jun 2022 10:33:40 GMT" skipped="0">
  <testcase classname="com.crm.seleniumGrid.SeleniumGridPraticeThroughLocalHostTest" name="gridTest" time="13.557"/>
</testsuite> <!-- com.crm.seleniumGrid.SeleniumGridPraticeThroughLocalHostTest -->
