<?xml version="1.0" encoding="UTF-8"?>
<!-- Generated by org.testng.reporters.JUnitReportReporter -->
<testsuite hostname="LAPTOP-SPPJ5AEL" failures="0" tests="1" name="com.crm.vtiger.createPurchaseOrder.CreatePurchaseOrderAndSelectAssignedToInThatSelectUserTest" time="92.570" errors="0" timestamp="2022-06-15T17:19:12 IST" skipped="0">
  <testcase classname="com.crm.vtiger.createPurchaseOrder.CreatePurchaseOrderAndSelectAssignedToInThatSelectUserTest" name="createPurchaseOrderAndSelectAssignedToInThatSelectUserTest" time="92.570"/>
  <system-out/>
</testsuite> <!-- com.crm.vtiger.createPurchaseOrder.CreatePurchaseOrderAndSelectAssignedToInThatSelectUserTest -->
