<?xml version="1.0" encoding="UTF-8"?>
<!-- Generated by org.testng.reporters.JUnitReportReporter -->
<testsuite hostname="LAPTOP-SPPJ5AEL" failures="0" tests="3" name="com.crm.TestNg.AnimalTest" time="0.032" errors="0" timestamp="2022-06-13T16:59:59 IST" skipped="0">
  <testcase classname="com.crm.TestNg.AnimalTest" name="ratTest" time="0.004"/>
  <system-out>
    <![CDATA[Small]]>
  </system-out>
  <testcase classname="com.crm.TestNg.AnimalTest" name="elephanteTest" time="0.025"/>
  <system-out>
    <![CDATA[Big]]>
  </system-out>
  <testcase classname="com.crm.TestNg.AnimalTest" name="dogTest" time="0.003"/>
  <system-out>
    <![CDATA[Medium]]>
  </system-out>
</testsuite> <!-- com.crm.TestNg.AnimalTest -->
