<?xml version="1.0" encoding="UTF-8"?>
<!-- Generated by org.testng.reporters.JUnitReportReporter -->
<testsuite hostname="LAPTOP-SPPJ5AEL" failures="0" tests="1" name="com.crm.vtiger.createContact.CreateContactsByUsingReportsToAndVerifyTest" time="99.723" errors="0" timestamp="2022-06-21T12:27:25 IST" skipped="0">
  <testcase classname="com.crm.vtiger.createContact.CreateContactsByUsingReportsToAndVerifyTest" name="createContactsByUsingReportsToAndVerifyTest" time="99.723"/>
  <system-out/>
</testsuite> <!-- com.crm.vtiger.createContact.CreateContactsByUsingReportsToAndVerifyTest -->
